<?xml version="1.0" encoding="utf-8"?><testsuites name="pytest tests"><testsuite name="pytest" errors="0" failures="0" skipped="0" tests="23" time="3.516" timestamp="2026-04-13T20:02:25.174808+00:00" hostname="agent-env-c352cad6-eb26-477a-b15e-56227f8c42d7"><testcase classname="backend.tests.test_new_features.TestDashboardKPIs" name="test_kpis_total_apps" time="0.193" /><testcase classname="backend.tests.test_new_features.TestDashboardKPIs" name="test_kpis_active_inactive_counts" time="0.125" /><testcase classname="backend.tests.test_new_features.TestDeploymentModelEndpoint" name="test_deployment_model_returns_array" time="0.111" /><testcase classname="backend.tests.test_new_features.TestDeploymentModelEndpoint" name="test_deployment_model_has_saas" time="0.111" /><testcase classname="backend.tests.test_new_features.TestDeploymentModelEndpoint" name="test_deployment_model_has_on_premise" time="0.158" /><testcase classname="backend.tests.test_new_features.TestDeploymentModelEndpoint" name="test_deployment_model_has_iaas_paas" time="0.144" /><testcase classname="backend.tests.test_new_features.TestCustomVsCotsEndpoint" name="test_custom_vs_cots_returns_array" time="0.121" /><testcase classname="backend.tests.test_new_features.TestCustomVsCotsEndpoint" name="test_custom_vs_cots_has_cots" time="0.116" /><testcase classname="backend.tests.test_new_features.TestCustomVsCotsEndpoint" name="test_custom_vs_cots_has_custom" time="0.120" /><testcase classname="backend.tests.test_new_features.TestAppsByFunctionalAreaEndpoint" name="test_functional_area_returns_array" time="0.114" /><testcase classname="backend.tests.test_new_features.TestAppsByFunctionalAreaEndpoint" name="test_functional_area_has_it" time="0.100" /><testcase classname="backend.tests.test_new_features.TestAppsByFunctionalAreaEndpoint" name="test_functional_area_has_sales" time="0.150" /><testcase classname="backend.tests.test_new_features.TestAppsByFunctionalAreaEndpoint" name="test_functional_area_has_engineering" time="0.109" /><testcase classname="backend.tests.test_new_features.TestFilterOptionsEndpoint" name="test_filter_options_has_deployment_models" time="0.146" /><testcase classname="backend.tests.test_new_features.TestFilterOptionsEndpoint" name="test_filter_options_has_app_types" time="0.107" /><testcase classname="backend.tests.test_new_features.TestFilterOptionsEndpoint" name="test_filter_options_has_functional_areas" time="0.114" /><testcase classname="backend.tests.test_new_features.TestApplicationFiltering" name="test_filter_by_deployment_model_saas" time="0.119" /><testcase classname="backend.tests.test_new_features.TestApplicationFiltering" name="test_filter_by_app_type_custom" time="0.114" /><testcase classname="backend.tests.test_new_features.TestApplicationFiltering" name="test_filter_by_primary_functional_area_it" time="0.155" /><testcase classname="backend.tests.test_new_features.TestApplicationDetailNewFields" name="test_linkedin_sales_navigator_has_new_fields" time="0.126" /><testcase classname="backend.tests.test_new_features.TestExistingDashboardCharts" name="test_spend_by_category_works" time="0.124" /><testcase classname="backend.tests.test_new_features.TestExistingDashboardCharts" name="test_apps_by_category_works" time="0.118" /><testcase classname="backend.tests.test_new_features.TestExistingDashboardCharts" name="test_spend_by_cost_center_works" time="0.521" /></testsuite></testsuites>